<?xml version="1.0" encoding="UTF-8"?>
<testsuite xmlns:xsi="http://www.w3.org/2001/XMLSchema-instance" xsi:noNamespaceSchemaLocation="https://maven.apache.org/surefire/maven-surefire-plugin/xsd/surefire-test-report.xsd" name="com.mfpe.controller.AuditChecklistControllerTests" time="0.371" tests="3" errors="0" skipped="0" failures="0">
  <properties>
    <property name="java.specification.version" value="17"/>
    <property name="sun.cpu.isalist" value="amd64"/>
    <property name="sun.jnu.encoding" value="Cp1252"/>
    <property name="java.class.path" value="E:\SpringCodes\Audit-Management-main\audit-checklist\target\test-classes;E:\SpringCodes\Audit-Management-main\audit-checklist\target\classes;C:\Users\Admin\.m2\repository\org\springframework\boot\spring-boot-starter-data-jpa\2.5.2\spring-boot-starter-data-jpa-2.5.2.jar;C:\Users\Admin\.m2\repository\org\springframework\boot\spring-boot-starter-aop\2.5.2\spring-boot-starter-aop-2.5.2.jar;C:\Users\Admin\.m2\repository\org\springframework\spring-aop\5.3.8\spring-aop-5.3.8.jar;C:\Users\Admin\.m2\repository\org\aspectj\aspectjweaver\1.9.6\aspectjweaver-1.9.6.jar;C:\Users\Admin\.m2\repository\org\springframework\boot\spring-boot-starter-jdbc\2.5.2\spring-boot-starter-jdbc-2.5.2.jar;C:\Users\Admin\.m2\repository\com\zaxxer\HikariCP\4.0.3\HikariCP-4.0.3.jar;C:\Users\Admin\.m2\repository\org\springframework\spring-jdbc\5.3.8\spring-jdbc-5.3.8.jar;C:\Users\Admin\.m2\repository\jakarta\transaction\jakarta.transaction-api\1.3.3\jakarta.transaction-api-1.3.3.jar;C:\Users\Admin\.m2\repository\jakarta\persistence\jakarta.persistence-api\2.2.3\jakarta.persistence-api-2.2.3.jar;C:\Users\Admin\.m2\repository\org\hibernate\hibernate-core\5.4.32.Final\hibernate-core-5.4.32.Final.jar;C:\Users\Admin\.m2\repository\org\javassist\javassist\3.27.0-GA\javassist-3.27.0-GA.jar;C:\Users\Admin\.m2\repository\net\bytebuddy\byte-buddy\1.10.22\byte-buddy-1.10.22.jar;C:\Users\Admin\.m2\repository\antlr\antlr\2.7.7\antlr-2.7.7.jar;C:\Users\Admin\.m2\repository\org\jboss\jandex\2.2.3.Final\jandex-2.2.3.Final.jar;C:\Users\Admin\.m2\repository\org\dom4j\dom4j\2.1.3\dom4j-2.1.3.jar;C:\Users\Admin\.m2\repository\org\hibernate\common\hibernate-commons-annotations\5.1.2.Final\hibernate-commons-annotations-5.1.2.Final.jar;C:\Users\Admin\.m2\repository\org\glassfish\jaxb\jaxb-runtime\2.3.4\jaxb-runtime-2.3.4.jar;C:\Users\Admin\.m2\repository\org\glassfish\jaxb\txw2\2.3.4\txw2-2.3.4.jar;C:\Users\Admin\.m2\repository\com\sun\istack\istack-commons-runtime\3.0.12\istack-commons-runtime-3.0.12.jar;C:\Users\Admin\.m2\repository\com\sun\activation\jakarta.activation\1.2.2\jakarta.activation-1.2.2.jar;C:\Users\Admin\.m2\repository\org\springframework\data\spring-data-jpa\2.5.2\spring-data-jpa-2.5.2.jar;C:\Users\Admin\.m2\repository\org\springframework\data\spring-data-commons\2.5.2\spring-data-commons-2.5.2.jar;C:\Users\Admin\.m2\repository\org\springframework\spring-orm\5.3.8\spring-orm-5.3.8.jar;C:\Users\Admin\.m2\repository\org\springframework\spring-context\5.3.8\spring-context-5.3.8.jar;C:\Users\Admin\.m2\repository\org\springframework\spring-tx\5.3.8\spring-tx-5.3.8.jar;C:\Users\Admin\.m2\repository\org\springframework\spring-beans\5.3.8\spring-beans-5.3.8.jar;C:\Users\Admin\.m2\repository\org\slf4j\slf4j-api\1.7.31\slf4j-api-1.7.31.jar;C:\Users\Admin\.m2\repository\org\springframework\spring-aspects\5.3.8\spring-aspects-5.3.8.jar;C:\Users\Admin\.m2\repository\org\springframework\boot\spring-boot-starter-web\2.5.2\spring-boot-starter-web-2.5.2.jar;C:\Users\Admin\.m2\repository\org\springframework\boot\spring-boot-starter\2.5.2\spring-boot-starter-2.5.2.jar;C:\Users\Admin\.m2\repository\org\springframework\boot\spring-boot-starter-logging\2.5.2\spring-boot-starter-logging-2.5.2.jar;C:\Users\Admin\.m2\repository\ch\qos\logback\logback-classic\1.2.3\logback-classic-1.2.3.jar;C:\Users\Admin\.m2\repository\ch\qos\logback\logback-core\1.2.3\logback-core-1.2.3.jar;C:\Users\Admin\.m2\repository\org\apache\logging\log4j\log4j-to-slf4j\2.14.1\log4j-to-slf4j-2.14.1.jar;C:\Users\Admin\.m2\repository\org\apache\logging\log4j\log4j-api\2.14.1\log4j-api-2.14.1.jar;C:\Users\Admin\.m2\repository\org\slf4j\jul-to-slf4j\1.7.31\jul-to-slf4j-1.7.31.jar;C:\Users\Admin\.m2\repository\jakarta\annotation\jakarta.annotation-api\1.3.5\jakarta.annotation-api-1.3.5.jar;C:\Users\Admin\.m2\repository\org\yaml\snakeyaml\1.28\snakeyaml-1.28.jar;C:\Users\Admin\.m2\repository\org\springframework\boot\spring-boot-starter-json\2.5.2\spring-boot-starter-json-2.5.2.jar;C:\Users\Admin\.m2\repository\com\fasterxml\jackson\core\jackson-databind\2.12.3\jackson-databind-2.12.3.jar;C:\Users\Admin\.m2\repository\com\fasterxml\jackson\core\jackson-annotations\2.12.3\jackson-annotations-2.12.3.jar;C:\Users\Admin\.m2\repository\com\fasterxml\jackson\core\jackson-core\2.12.3\jackson-core-2.12.3.jar;C:\Users\Admin\.m2\repository\com\fasterxml\jackson\datatype\jackson-datatype-jdk8\2.12.3\jackson-datatype-jdk8-2.12.3.jar;C:\Users\Admin\.m2\repository\com\fasterxml\jackson\datatype\jackson-datatype-jsr310\2.12.3\jackson-datatype-jsr310-2.12.3.jar;C:\Users\Admin\.m2\repository\com\fasterxml\jackson\module\jackson-module-parameter-names\2.12.3\jackson-module-parameter-names-2.12.3.jar;C:\Users\Admin\.m2\repository\org\springframework\boot\spring-boot-starter-tomcat\2.5.2\spring-boot-starter-tomcat-2.5.2.jar;C:\Users\Admin\.m2\repository\org\apache\tomcat\embed\tomcat-embed-core\9.0.48\tomcat-embed-core-9.0.48.jar;C:\Users\Admin\.m2\repository\org\apache\tomcat\embed\tomcat-embed-el\9.0.48\tomcat-embed-el-9.0.48.jar;C:\Users\Admin\.m2\repository\org\apache\tomcat\embed\tomcat-embed-websocket\9.0.48\tomcat-embed-websocket-9.0.48.jar;C:\Users\Admin\.m2\repository\org\springframework\spring-web\5.3.8\spring-web-5.3.8.jar;C:\Users\Admin\.m2\repository\org\springframework\spring-webmvc\5.3.8\spring-webmvc-5.3.8.jar;C:\Users\Admin\.m2\repository\org\springframework\spring-expression\5.3.8\spring-expression-5.3.8.jar;C:\Users\Admin\.m2\repository\org\springframework\boot\spring-boot-devtools\2.5.2\spring-boot-devtools-2.5.2.jar;C:\Users\Admin\.m2\repository\org\springframework\boot\spring-boot\2.5.2\spring-boot-2.5.2.jar;C:\Users\Admin\.m2\repository\org\springframework\boot\spring-boot-autoconfigure\2.5.2\spring-boot-autoconfigure-2.5.2.jar;C:\Users\Admin\.m2\repository\com\h2database\h2\1.4.200\h2-1.4.200.jar;C:\Users\Admin\.m2\repository\org\projectlombok\lombok\1.18.20\lombok-1.18.20.jar;C:\Users\Admin\.m2\repository\org\springframework\boot\spring-boot-starter-test\2.5.2\spring-boot-starter-test-2.5.2.jar;C:\Users\Admin\.m2\repository\org\springframework\boot\spring-boot-test\2.5.2\spring-boot-test-2.5.2.jar;C:\Users\Admin\.m2\repository\org\springframework\boot\spring-boot-test-autoconfigure\2.5.2\spring-boot-test-autoconfigure-2.5.2.jar;C:\Users\Admin\.m2\repository\com\jayway\jsonpath\json-path\2.5.0\json-path-2.5.0.jar;C:\Users\Admin\.m2\repository\net\minidev\json-smart\2.4.7\json-smart-2.4.7.jar;C:\Users\Admin\.m2\repository\net\minidev\accessors-smart\2.4.7\accessors-smart-2.4.7.jar;C:\Users\Admin\.m2\repository\org\ow2\asm\asm\9.1\asm-9.1.jar;C:\Users\Admin\.m2\repository\jakarta\xml\bind\jakarta.xml.bind-api\2.3.3\jakarta.xml.bind-api-2.3.3.jar;C:\Users\Admin\.m2\repository\jakarta\activation\jakarta.activation-api\1.2.2\jakarta.activation-api-1.2.2.jar;C:\Users\Admin\.m2\repository\org\assertj\assertj-core\3.19.0\assertj-core-3.19.0.jar;C:\Users\Admin\.m2\repository\org\hamcrest\hamcrest\2.2\hamcrest-2.2.jar;C:\Users\Admin\.m2\repository\org\junit\jupiter\junit-jupiter\5.7.2\junit-jupiter-5.7.2.jar;C:\Users\Admin\.m2\repository\org\junit\jupiter\junit-jupiter-api\5.7.2\junit-jupiter-api-5.7.2.jar;C:\Users\Admin\.m2\repository\org\apiguardian\apiguardian-api\1.1.0\apiguardian-api-1.1.0.jar;C:\Users\Admin\.m2\repository\org\opentest4j\opentest4j\1.2.0\opentest4j-1.2.0.jar;C:\Users\Admin\.m2\repository\org\junit\platform\junit-platform-commons\1.7.2\junit-platform-commons-1.7.2.jar;C:\Users\Admin\.m2\repository\org\junit\jupiter\junit-jupiter-params\5.7.2\junit-jupiter-params-5.7.2.jar;C:\Users\Admin\.m2\repository\org\junit\jupiter\junit-jupiter-engine\5.7.2\junit-jupiter-engine-5.7.2.jar;C:\Users\Admin\.m2\repository\org\junit\platform\junit-platform-engine\1.7.2\junit-platform-engine-1.7.2.jar;C:\Users\Admin\.m2\repository\org\mockito\mockito-core\3.9.0\mockito-core-3.9.0.jar;C:\Users\Admin\.m2\repository\net\bytebuddy\byte-buddy-agent\1.10.22\byte-buddy-agent-1.10.22.jar;C:\Users\Admin\.m2\repository\org\objenesis\objenesis\3.2\objenesis-3.2.jar;C:\Users\Admin\.m2\repository\org\mockito\mockito-junit-jupiter\3.9.0\mockito-junit-jupiter-3.9.0.jar;C:\Users\Admin\.m2\repository\org\skyscreamer\jsonassert\1.5.0\jsonassert-1.5.0.jar;C:\Users\Admin\.m2\repository\com\vaadin\external\google\android-json\0.0.20131108.vaadin1\android-json-0.0.20131108.vaadin1.jar;C:\Users\Admin\.m2\repository\org\springframework\spring-core\5.3.8\spring-core-5.3.8.jar;C:\Users\Admin\.m2\repository\org\springframework\spring-jcl\5.3.8\spring-jcl-5.3.8.jar;C:\Users\Admin\.m2\repository\org\springframework\spring-test\5.3.8\spring-test-5.3.8.jar;C:\Users\Admin\.m2\repository\org\xmlunit\xmlunit-core\2.8.2\xmlunit-core-2.8.2.jar;C:\Users\Admin\.m2\repository\org\springframework\cloud\spring-cloud-starter-openfeign\3.0.3\spring-cloud-starter-openfeign-3.0.3.jar;C:\Users\Admin\.m2\repository\org\springframework\cloud\spring-cloud-starter\3.0.3\spring-cloud-starter-3.0.3.jar;C:\Users\Admin\.m2\repository\org\springframework\cloud\spring-cloud-context\3.0.3\spring-cloud-context-3.0.3.jar;C:\Users\Admin\.m2\repository\org\springframework\security\spring-security-rsa\1.0.10.RELEASE\spring-security-rsa-1.0.10.RELEASE.jar;C:\Users\Admin\.m2\repository\org\bouncycastle\bcpkix-jdk15on\1.68\bcpkix-jdk15on-1.68.jar;C:\Users\Admin\.m2\repository\org\bouncycastle\bcprov-jdk15on\1.68\bcprov-jdk15on-1.68.jar;C:\Users\Admin\.m2\repository\org\springframework\cloud\spring-cloud-openfeign-core\3.0.3\spring-cloud-openfeign-core-3.0.3.jar;C:\Users\Admin\.m2\repository\io\github\openfeign\form\feign-form-spring\3.8.0\feign-form-spring-3.8.0.jar;C:\Users\Admin\.m2\repository\io\github\openfeign\form\feign-form\3.8.0\feign-form-3.8.0.jar;C:\Users\Admin\.m2\repository\commons-fileupload\commons-fileupload\1.4\commons-fileupload-1.4.jar;C:\Users\Admin\.m2\repository\commons-io\commons-io\2.2\commons-io-2.2.jar;C:\Users\Admin\.m2\repository\org\springframework\cloud\spring-cloud-commons\3.0.3\spring-cloud-commons-3.0.3.jar;C:\Users\Admin\.m2\repository\org\springframework\security\spring-security-crypto\5.5.1\spring-security-crypto-5.5.1.jar;C:\Users\Admin\.m2\repository\io\github\openfeign\feign-core\10.12\feign-core-10.12.jar;C:\Users\Admin\.m2\repository\io\github\openfeign\feign-slf4j\10.12\feign-slf4j-10.12.jar;C:\Users\Admin\.m2\repository\org\hibernate\validator\hibernate-validator\6.0.13.Final\hibernate-validator-6.0.13.Final.jar;C:\Users\Admin\.m2\repository\javax\validation\validation-api\2.0.1.Final\validation-api-2.0.1.Final.jar;C:\Users\Admin\.m2\repository\org\jboss\logging\jboss-logging\3.4.2.Final\jboss-logging-3.4.2.Final.jar;C:\Users\Admin\.m2\repository\com\fasterxml\classmate\1.5.1\classmate-1.5.1.jar;"/>
    <property name="java.vm.vendor" value="Eclipse Adoptium"/>
    <property name="sun.arch.data.model" value="64"/>
    <property name="user.variant" value=""/>
    <property name="java.vendor.url" value="https://adoptium.net/"/>
    <property name="user.timezone" value="Asia/Calcutta"/>
    <property name="os.name" value="Windows 10"/>
    <property name="java.vm.specification.version" value="17"/>
    <property name="sun.java.launcher" value="SUN_STANDARD"/>
    <property name="user.country" value="IN"/>
    <property name="sun.boot.library.path" value="E:\Spring\sts-4.15.3.RELEASE\plugins\org.eclipse.justj.openjdk.hotspot.jre.full.win32.x86_64_17.0.4.v20220805-1047\jre\bin"/>
    <property name="sun.java.command" value="C:\Users\Admin\AppData\Local\Temp\surefire15900379268477514313\surefirebooter3292424761349099589.jar C:\Users\Admin\AppData\Local\Temp\surefire15900379268477514313 2022-09-18T22-59-31_600-jvmRun1 surefire4727973489207744773tmp surefire_03714588248083503095tmp"/>
    <property name="jdk.debug" value="release"/>
    <property name="surefire.test.class.path" value="E:\SpringCodes\Audit-Management-main\audit-checklist\target\test-classes;E:\SpringCodes\Audit-Management-main\audit-checklist\target\classes;C:\Users\Admin\.m2\repository\org\springframework\boot\spring-boot-starter-data-jpa\2.5.2\spring-boot-starter-data-jpa-2.5.2.jar;C:\Users\Admin\.m2\repository\org\springframework\boot\spring-boot-starter-aop\2.5.2\spring-boot-starter-aop-2.5.2.jar;C:\Users\Admin\.m2\repository\org\springframework\spring-aop\5.3.8\spring-aop-5.3.8.jar;C:\Users\Admin\.m2\repository\org\aspectj\aspectjweaver\1.9.6\aspectjweaver-1.9.6.jar;C:\Users\Admin\.m2\repository\org\springframework\boot\spring-boot-starter-jdbc\2.5.2\spring-boot-starter-jdbc-2.5.2.jar;C:\Users\Admin\.m2\repository\com\zaxxer\HikariCP\4.0.3\HikariCP-4.0.3.jar;C:\Users\Admin\.m2\repository\org\springframework\spring-jdbc\5.3.8\spring-jdbc-5.3.8.jar;C:\Users\Admin\.m2\repository\jakarta\transaction\jakarta.transaction-api\1.3.3\jakarta.transaction-api-1.3.3.jar;C:\Users\Admin\.m2\repository\jakarta\persistence\jakarta.persistence-api\2.2.3\jakarta.persistence-api-2.2.3.jar;C:\Users\Admin\.m2\repository\org\hibernate\hibernate-core\5.4.32.Final\hibernate-core-5.4.32.Final.jar;C:\Users\Admin\.m2\repository\org\javassist\javassist\3.27.0-GA\javassist-3.27.0-GA.jar;C:\Users\Admin\.m2\repository\net\bytebuddy\byte-buddy\1.10.22\byte-buddy-1.10.22.jar;C:\Users\Admin\.m2\repository\antlr\antlr\2.7.7\antlr-2.7.7.jar;C:\Users\Admin\.m2\repository\org\jboss\jandex\2.2.3.Final\jandex-2.2.3.Final.jar;C:\Users\Admin\.m2\repository\org\dom4j\dom4j\2.1.3\dom4j-2.1.3.jar;C:\Users\Admin\.m2\repository\org\hibernate\common\hibernate-commons-annotations\5.1.2.Final\hibernate-commons-annotations-5.1.2.Final.jar;C:\Users\Admin\.m2\repository\org\glassfish\jaxb\jaxb-runtime\2.3.4\jaxb-runtime-2.3.4.jar;C:\Users\Admin\.m2\repository\org\glassfish\jaxb\txw2\2.3.4\txw2-2.3.4.jar;C:\Users\Admin\.m2\repository\com\sun\istack\istack-commons-runtime\3.0.12\istack-commons-runtime-3.0.12.jar;C:\Users\Admin\.m2\repository\com\sun\activation\jakarta.activation\1.2.2\jakarta.activation-1.2.2.jar;C:\Users\Admin\.m2\repository\org\springframework\data\spring-data-jpa\2.5.2\spring-data-jpa-2.5.2.jar;C:\Users\Admin\.m2\repository\org\springframework\data\spring-data-commons\2.5.2\spring-data-commons-2.5.2.jar;C:\Users\Admin\.m2\repository\org\springframework\spring-orm\5.3.8\spring-orm-5.3.8.jar;C:\Users\Admin\.m2\repository\org\springframework\spring-context\5.3.8\spring-context-5.3.8.jar;C:\Users\Admin\.m2\repository\org\springframework\spring-tx\5.3.8\spring-tx-5.3.8.jar;C:\Users\Admin\.m2\repository\org\springframework\spring-beans\5.3.8\spring-beans-5.3.8.jar;C:\Users\Admin\.m2\repository\org\slf4j\slf4j-api\1.7.31\slf4j-api-1.7.31.jar;C:\Users\Admin\.m2\repository\org\springframework\spring-aspects\5.3.8\spring-aspects-5.3.8.jar;C:\Users\Admin\.m2\repository\org\springframework\boot\spring-boot-starter-web\2.5.2\spring-boot-starter-web-2.5.2.jar;C:\Users\Admin\.m2\repository\org\springframework\boot\spring-boot-starter\2.5.2\spring-boot-starter-2.5.2.jar;C:\Users\Admin\.m2\repository\org\springframework\boot\spring-boot-starter-logging\2.5.2\spring-boot-starter-logging-2.5.2.jar;C:\Users\Admin\.m2\repository\ch\qos\logback\logback-classic\1.2.3\logback-classic-1.2.3.jar;C:\Users\Admin\.m2\repository\ch\qos\logback\logback-core\1.2.3\logback-core-1.2.3.jar;C:\Users\Admin\.m2\repository\org\apache\logging\log4j\log4j-to-slf4j\2.14.1\log4j-to-slf4j-2.14.1.jar;C:\Users\Admin\.m2\repository\org\apache\logging\log4j\log4j-api\2.14.1\log4j-api-2.14.1.jar;C:\Users\Admin\.m2\repository\org\slf4j\jul-to-slf4j\1.7.31\jul-to-slf4j-1.7.31.jar;C:\Users\Admin\.m2\repository\jakarta\annotation\jakarta.annotation-api\1.3.5\jakarta.annotation-api-1.3.5.jar;C:\Users\Admin\.m2\repository\org\yaml\snakeyaml\1.28\snakeyaml-1.28.jar;C:\Users\Admin\.m2\repository\org\springframework\boot\spring-boot-starter-json\2.5.2\spring-boot-starter-json-2.5.2.jar;C:\Users\Admin\.m2\repository\com\fasterxml\jackson\core\jackson-databind\2.12.3\jackson-databind-2.12.3.jar;C:\Users\Admin\.m2\repository\com\fasterxml\jackson\core\jackson-annotations\2.12.3\jackson-annotations-2.12.3.jar;C:\Users\Admin\.m2\repository\com\fasterxml\jackson\core\jackson-core\2.12.3\jackson-core-2.12.3.jar;C:\Users\Admin\.m2\repository\com\fasterxml\jackson\datatype\jackson-datatype-jdk8\2.12.3\jackson-datatype-jdk8-2.12.3.jar;C:\Users\Admin\.m2\repository\com\fasterxml\jackson\datatype\jackson-datatype-jsr310\2.12.3\jackson-datatype-jsr310-2.12.3.jar;C:\Users\Admin\.m2\repository\com\fasterxml\jackson\module\jackson-module-parameter-names\2.12.3\jackson-module-parameter-names-2.12.3.jar;C:\Users\Admin\.m2\repository\org\springframework\boot\spring-boot-starter-tomcat\2.5.2\spring-boot-starter-tomcat-2.5.2.jar;C:\Users\Admin\.m2\repository\org\apache\tomcat\embed\tomcat-embed-core\9.0.48\tomcat-embed-core-9.0.48.jar;C:\Users\Admin\.m2\repository\org\apache\tomcat\embed\tomcat-embed-el\9.0.48\tomcat-embed-el-9.0.48.jar;C:\Users\Admin\.m2\repository\org\apache\tomcat\embed\tomcat-embed-websocket\9.0.48\tomcat-embed-websocket-9.0.48.jar;C:\Users\Admin\.m2\repository\org\springframework\spring-web\5.3.8\spring-web-5.3.8.jar;C:\Users\Admin\.m2\repository\org\springframework\spring-webmvc\5.3.8\spring-webmvc-5.3.8.jar;C:\Users\Admin\.m2\repository\org\springframework\spring-expression\5.3.8\spring-expression-5.3.8.jar;C:\Users\Admin\.m2\repository\org\springframework\boot\spring-boot-devtools\2.5.2\spring-boot-devtools-2.5.2.jar;C:\Users\Admin\.m2\repository\org\springframework\boot\spring-boot\2.5.2\spring-boot-2.5.2.jar;C:\Users\Admin\.m2\repository\org\springframework\boot\spring-boot-autoconfigure\2.5.2\spring-boot-autoconfigure-2.5.2.jar;C:\Users\Admin\.m2\repository\com\h2database\h2\1.4.200\h2-1.4.200.jar;C:\Users\Admin\.m2\repository\org\projectlombok\lombok\1.18.20\lombok-1.18.20.jar;C:\Users\Admin\.m2\repository\org\springframework\boot\spring-boot-starter-test\2.5.2\spring-boot-starter-test-2.5.2.jar;C:\Users\Admin\.m2\repository\org\springframework\boot\spring-boot-test\2.5.2\spring-boot-test-2.5.2.jar;C:\Users\Admin\.m2\repository\org\springframework\boot\spring-boot-test-autoconfigure\2.5.2\spring-boot-test-autoconfigure-2.5.2.jar;C:\Users\Admin\.m2\repository\com\jayway\jsonpath\json-path\2.5.0\json-path-2.5.0.jar;C:\Users\Admin\.m2\repository\net\minidev\json-smart\2.4.7\json-smart-2.4.7.jar;C:\Users\Admin\.m2\repository\net\minidev\accessors-smart\2.4.7\accessors-smart-2.4.7.jar;C:\Users\Admin\.m2\repository\org\ow2\asm\asm\9.1\asm-9.1.jar;C:\Users\Admin\.m2\repository\jakarta\xml\bind\jakarta.xml.bind-api\2.3.3\jakarta.xml.bind-api-2.3.3.jar;C:\Users\Admin\.m2\repository\jakarta\activation\jakarta.activation-api\1.2.2\jakarta.activation-api-1.2.2.jar;C:\Users\Admin\.m2\repository\org\assertj\assertj-core\3.19.0\assertj-core-3.19.0.jar;C:\Users\Admin\.m2\repository\org\hamcrest\hamcrest\2.2\hamcrest-2.2.jar;C:\Users\Admin\.m2\repository\org\junit\jupiter\junit-jupiter\5.7.2\junit-jupiter-5.7.2.jar;C:\Users\Admin\.m2\repository\org\junit\jupiter\junit-jupiter-api\5.7.2\junit-jupiter-api-5.7.2.jar;C:\Users\Admin\.m2\repository\org\apiguardian\apiguardian-api\1.1.0\apiguardian-api-1.1.0.jar;C:\Users\Admin\.m2\repository\org\opentest4j\opentest4j\1.2.0\opentest4j-1.2.0.jar;C:\Users\Admin\.m2\repository\org\junit\platform\junit-platform-commons\1.7.2\junit-platform-commons-1.7.2.jar;C:\Users\Admin\.m2\repository\org\junit\jupiter\junit-jupiter-params\5.7.2\junit-jupiter-params-5.7.2.jar;C:\Users\Admin\.m2\repository\org\junit\jupiter\junit-jupiter-engine\5.7.2\junit-jupiter-engine-5.7.2.jar;C:\Users\Admin\.m2\repository\org\junit\platform\junit-platform-engine\1.7.2\junit-platform-engine-1.7.2.jar;C:\Users\Admin\.m2\repository\org\mockito\mockito-core\3.9.0\mockito-core-3.9.0.jar;C:\Users\Admin\.m2\repository\net\bytebuddy\byte-buddy-agent\1.10.22\byte-buddy-agent-1.10.22.jar;C:\Users\Admin\.m2\repository\org\objenesis\objenesis\3.2\objenesis-3.2.jar;C:\Users\Admin\.m2\repository\org\mockito\mockito-junit-jupiter\3.9.0\mockito-junit-jupiter-3.9.0.jar;C:\Users\Admin\.m2\repository\org\skyscreamer\jsonassert\1.5.0\jsonassert-1.5.0.jar;C:\Users\Admin\.m2\repository\com\vaadin\external\google\android-json\0.0.20131108.vaadin1\android-json-0.0.20131108.vaadin1.jar;C:\Users\Admin\.m2\repository\org\springframework\spring-core\5.3.8\spring-core-5.3.8.jar;C:\Users\Admin\.m2\repository\org\springframework\spring-jcl\5.3.8\spring-jcl-5.3.8.jar;C:\Users\Admin\.m2\repository\org\springframework\spring-test\5.3.8\spring-test-5.3.8.jar;C:\Users\Admin\.m2\repository\org\xmlunit\xmlunit-core\2.8.2\xmlunit-core-2.8.2.jar;C:\Users\Admin\.m2\repository\org\springframework\cloud\spring-cloud-starter-openfeign\3.0.3\spring-cloud-starter-openfeign-3.0.3.jar;C:\Users\Admin\.m2\repository\org\springframework\cloud\spring-cloud-starter\3.0.3\spring-cloud-starter-3.0.3.jar;C:\Users\Admin\.m2\repository\org\springframework\cloud\spring-cloud-context\3.0.3\spring-cloud-context-3.0.3.jar;C:\Users\Admin\.m2\repository\org\springframework\security\spring-security-rsa\1.0.10.RELEASE\spring-security-rsa-1.0.10.RELEASE.jar;C:\Users\Admin\.m2\repository\org\bouncycastle\bcpkix-jdk15on\1.68\bcpkix-jdk15on-1.68.jar;C:\Users\Admin\.m2\repository\org\bouncycastle\bcprov-jdk15on\1.68\bcprov-jdk15on-1.68.jar;C:\Users\Admin\.m2\repository\org\springframework\cloud\spring-cloud-openfeign-core\3.0.3\spring-cloud-openfeign-core-3.0.3.jar;C:\Users\Admin\.m2\repository\io\github\openfeign\form\feign-form-spring\3.8.0\feign-form-spring-3.8.0.jar;C:\Users\Admin\.m2\repository\io\github\openfeign\form\feign-form\3.8.0\feign-form-3.8.0.jar;C:\Users\Admin\.m2\repository\commons-fileupload\commons-fileupload\1.4\commons-fileupload-1.4.jar;C:\Users\Admin\.m2\repository\commons-io\commons-io\2.2\commons-io-2.2.jar;C:\Users\Admin\.m2\repository\org\springframework\cloud\spring-cloud-commons\3.0.3\spring-cloud-commons-3.0.3.jar;C:\Users\Admin\.m2\repository\org\springframework\security\spring-security-crypto\5.5.1\spring-security-crypto-5.5.1.jar;C:\Users\Admin\.m2\repository\io\github\openfeign\feign-core\10.12\feign-core-10.12.jar;C:\Users\Admin\.m2\repository\io\github\openfeign\feign-slf4j\10.12\feign-slf4j-10.12.jar;C:\Users\Admin\.m2\repository\org\hibernate\validator\hibernate-validator\6.0.13.Final\hibernate-validator-6.0.13.Final.jar;C:\Users\Admin\.m2\repository\javax\validation\validation-api\2.0.1.Final\validation-api-2.0.1.Final.jar;C:\Users\Admin\.m2\repository\org\jboss\logging\jboss-logging\3.4.2.Final\jboss-logging-3.4.2.Final.jar;C:\Users\Admin\.m2\repository\com\fasterxml\classmate\1.5.1\classmate-1.5.1.jar;"/>
    <property name="sun.cpu.endian" value="little"/>
    <property name="user.home" value="C:\Users\Admin"/>
    <property name="user.language" value="en"/>
    <property name="java.specification.vendor" value="Oracle Corporation"/>
    <property name="java.version.date" value="2022-07-19"/>
    <property name="java.home" value="E:\Spring\sts-4.15.3.RELEASE\plugins\org.eclipse.justj.openjdk.hotspot.jre.full.win32.x86_64_17.0.4.v20220805-1047\jre"/>
    <property name="file.separator" value="\"/>
    <property name="style.color" value="always"/>
    <property name="basedir" value="E:\SpringCodes\Audit-Management-main\audit-checklist"/>
    <property name="java.vm.compressedOopsMode" value="32-bit"/>
    <property name="line.separator" value="&#10;"/>
    <property name="java.vm.specification.vendor" value="Oracle Corporation"/>
    <property name="java.specification.name" value="Java Platform API Specification"/>
    <property name="surefire.real.class.path" value="C:\Users\Admin\AppData\Local\Temp\surefire15900379268477514313\surefirebooter3292424761349099589.jar"/>
    <property name="user.script" value=""/>
    <property name="sun.management.compiler" value="HotSpot 64-Bit Tiered Compilers"/>
    <property name="java.runtime.version" value="17.0.4+8"/>
    <property name="user.name" value="Admin"/>
    <property name="path.separator" value=";"/>
    <property name="os.version" value="10.0"/>
    <property name="java.runtime.name" value="OpenJDK Runtime Environment"/>
    <property name="file.encoding" value="Cp1252"/>
    <property name="java.vm.name" value="OpenJDK 64-Bit Server VM"/>
    <property name="java.vendor.version" value="Temurin-17.0.4+8"/>
    <property name="localRepository" value="C:\Users\Admin\.m2\repository"/>
    <property name="java.vendor.url.bug" value="https://github.com/adoptium/adoptium-support/issues"/>
    <property name="java.io.tmpdir" value="C:\Users\Admin\AppData\Local\Temp\"/>
    <property name="java.version" value="17.0.4"/>
    <property name="user.dir" value="E:\SpringCodes\Audit-Management-main\audit-checklist"/>
    <property name="os.arch" value="amd64"/>
    <property name="java.vm.specification.name" value="Java Virtual Machine Specification"/>
    <property name="sun.os.patch.level" value=""/>
    <property name="native.encoding" value="Cp1252"/>
    <property name="java.library.path" value="E:\Spring\sts-4.15.3.RELEASE\plugins\org.eclipse.justj.openjdk.hotspot.jre.full.win32.x86_64_17.0.4.v20220805-1047\jre\bin;C:\WINDOWS\Sun\Java\bin;C:\WINDOWS\system32;C:\WINDOWS;E:/Spring/sts-4.15.3.RELEASE//plugins/org.eclipse.justj.openjdk.hotspot.jre.full.win32.x86_64_17.0.4.v20220805-1047/jre/bin/server;E:/Spring/sts-4.15.3.RELEASE//plugins/org.eclipse.justj.openjdk.hotspot.jre.full.win32.x86_64_17.0.4.v20220805-1047/jre/bin;C:\Program Files (x86)\Common Files\Oracle\Java\javapath;C:\WINDOWS\system32;C:\WINDOWS;C:\WINDOWS\System32\Wbem;C:\WINDOWS\System32\WindowsPowerShell\v1.0\;C:\WINDOWS\System32\OpenSSH\;C:\hadoop-2.7.1\bin;C:\Program Files\Microsoft SQL Server\Client SDK\ODBC\170\Tools\Binn\;C:\Program Files (x86)\Microsoft SQL Server\150\Tools\Binn\;C:\Program Files\Microsoft SQL Server\150\Tools\Binn\;C:\Program Files\Microsoft SQL Server\150\DTS\Binn\;C:\Program Files\apache-maven-3.8.6-bin\apache-maven-3.8.6\bin;C:\Program Files\Java\jdk1.8.0_271\bin;E:\nodejs\;E:\Git\cmd;E:\PuTTY\;C:\Users\Admin\AppData\Local\Microsoft\WindowsApps;C:\Program Files\Java\jdk1.8.0_271\bin;C:\Program Files\Java\jdk1.8.0_271\lib;C:\Program Files\Java\jre1.8.0_271\bin;E:\javaIT;C:\hadoop-2.7.1\bin;C:\Program Files\JetBrains\PyCharm Community Edition 2022.1.2\bin;;E:\Microsoft VS Code\bin;C:\Users\Admin\AppData\Roaming\npm;E:\nodejs;;E:\Spring\sts-4.15.3.RELEASE;;."/>
    <property name="java.vm.info" value="mixed mode"/>
    <property name="java.vendor" value="Eclipse Adoptium"/>
    <property name="java.vm.version" value="17.0.4+8"/>
    <property name="sun.io.unicode.encoding" value="UnicodeLittle"/>
    <property name="java.class.version" value="61.0"/>
  </properties>
  <testcase name="contextLoads" classname="com.mfpe.controller.AuditChecklistControllerTests" time="0.016"/>
  <testcase name="testHealthCheck" classname="com.mfpe.controller.AuditChecklistControllerTests" time="0.026"/>
  <testcase name="testAuditChecklistQuestions" classname="com.mfpe.controller.AuditChecklistControllerTests" time="0.069"/>
</testsuite>